[RECV] <0.91.0> received :: {'$gen_call',
                                {<0.85.0>,
                                 [alias|
                                  #Ref<0.0.10883.2021022844.1117323268.101648>]},
                                {process,10}}
[CALL] <0.91.0> called worker_a:handle_call/3
[SEND] <0.91.0> -> <0.70.0> :: {io_request,<0.91.0>,
                                   #Ref<0.2021022844.1117257732.101650>,
                                   {put_chars,unicode,io_lib,format,
                                       ["worker_a received: ~p~n","\n"]}}
[RECV] <0.91.0> received :: {io_reply,#Ref<0.2021022844.1117257732.101650>,ok}
[SEND] <0.91.0> -> <0.70.0> :: {io_request,<0.91.0>,
                                   #Ref<0.2021022844.1117257732.101659>,
                                   {put_chars,unicode,io_lib,format,
                                       ["worker_a sends: ~p to worker_b~n",
                                        [20]]}}
[RECV] <0.91.0> received :: {io_reply,#Ref<0.2021022844.1117257732.101659>,ok}
[SEND] <0.91.0> -> <0.89.0> :: {'$gen_call',
                                   {<0.91.0>,
                                    [alias|
                                     #Ref<0.0.11651.2021022844.1117323268.101666>]},
                                   {send_with_context,worker_b,
                                       {process,20},
                                       #Ref<0.2021022844.1117257732.101665>}}
[RECV] <0.89.0> received :: {'$gen_call',
                                {<0.91.0>,
                                 [alias|
                                  #Ref<0.0.11651.2021022844.1117323268.101666>]},
                                {send_with_context,worker_b,
                                    {process,20},
                                    #Ref<0.2021022844.1117257732.101665>}}
[RECV] <0.90.0> received :: {'$gen_call',
                                {<0.93.0>,
                                 [alias|
                                  #Ref<0.0.11907.2021022844.1117323268.101676>]},
                                {context,
                                    #Ref<0.2021022844.1117257732.101665>}}
[CALL] <0.90.0> called worker_b:handle_call/3
[RET ] <0.90.0> returned from worker_b:handle_call/3 with {reply,ok,
                                                           #{context =>
                                                              #Ref<0.2021022844.1117257732.101665>}}
[SEND] <0.90.0> -> #Ref<0.0.11907.2021022844.1117323268.101676> :: {[alias|
                                                                     #Ref<0.0.11907.2021022844.1117323268.101676>],
                                                                    ok}
[RECV] <0.90.0> received :: {'$gen_call',
                                {<0.93.0>,
                                 [alias|
                                  #Ref<0.0.11907.2021022844.1117323268.101679>]},
                                {process,20}}
[CALL] <0.90.0> called worker_b:handle_call/3
[SEND] <0.90.0> -> <0.70.0> :: {io_request,<0.90.0>,
                                   #Ref<0.2021022844.1117257732.101681>,
                                   {put_chars,unicode,io_lib,format,
                                       ["worker_b received: ~p~n",[20]]}}
[RECV] <0.90.0> received :: {io_reply,#Ref<0.2021022844.1117257732.101681>,ok}
[SEND] <0.90.0> -> <0.70.0> :: {io_request,<0.90.0>,
                                   #Ref<0.2021022844.1117257732.101692>,
                                   {put_chars,unicode,io_lib,format,
                                       ["worker_b result: ~p~n","("]}}
[RECV] <0.90.0> received :: {io_reply,#Ref<0.2021022844.1117257732.101692>,ok}
[RET ] <0.90.0> returned from worker_b:handle_call/3 with {reply,40,
                                                           #{context =>
                                                              #Ref<0.2021022844.1117257732.101665>}}
[SEND] <0.90.0> -> #Ref<0.0.11907.2021022844.1117323268.101679> :: {[alias|
                                                                     #Ref<0.0.11907.2021022844.1117323268.101679>],
                                                                    40}
[RECV] <0.91.0> received :: {[alias|
                              #Ref<0.0.11651.2021022844.1117323268.101666>],
                             40}
[RET ] <0.91.0> returned from worker_a:handle_call/3 with {reply,40,#{}}
[SEND] <0.91.0> -> #Ref<0.0.10883.2021022844.1117323268.101648> :: {[alias|
                                                                     #Ref<0.0.10883.2021022844.1117323268.101648>],
                                                                    40}
